Determining if the pthread_create exist failed with the following output:
Change Dir: /home/jsikora/src/anro18l-winnicki-sikora/catkin_ws/build/CMakeFiles/CMakeTmp

Run Build Command:"/usr/bin/make" "cmTC_b7d2f/fast"
/usr/bin/make -f CMakeFiles/cmTC_b7d2f.dir/build.make CMakeFiles/cmTC_b7d2f.dir/build
make[1]: Wejście do katalogu '/home/jsikora/src/anro18l-winnicki-sikora/catkin_ws/build/CMakeFiles/CMakeTmp'
Building C object CMakeFiles/cmTC_b7d2f.dir/CheckSymbolExists.c.o
/usr/bin/cc     -o CMakeFiles/cmTC_b7d2f.dir/CheckSymbolExists.c.o   -c /home/jsikora/src/anro18l-winnicki-sikora/catkin_ws/build/CMakeFiles/CMakeTmp/CheckSymbolExists.c
Linking C executable cmTC_b7d2f
/usr/bin/cmake -E cmake_link_script CMakeFiles/cmTC_b7d2f.dir/link.txt --verbose=1
/usr/bin/cc       CMakeFiles/cmTC_b7d2f.dir/CheckSymbolExists.c.o  -o cmTC_b7d2f -rdynamic 
CMakeFiles/cmTC_b7d2f.dir/CheckSymbolExists.c.o: In function `main':
CheckSymbolExists.c:(.text+0x16): undefined reference to `pthread_create'
collect2: error: ld returned 1 exit status
CMakeFiles/cmTC_b7d2f.dir/build.make:97: polecenia dla obiektu 'cmTC_b7d2f' nie powiodły się
make[1]: *** [cmTC_b7d2f] Błąd 1
make[1]: Opuszczenie katalogu '/home/jsikora/src/anro18l-winnicki-sikora/catkin_ws/build/CMakeFiles/CMakeTmp'
Makefile:126: polecenia dla obiektu 'cmTC_b7d2f/fast' nie powiodły się
make: *** [cmTC_b7d2f/fast] Błąd 2

File /home/jsikora/src/anro18l-winnicki-sikora/catkin_ws/build/CMakeFiles/CMakeTmp/CheckSymbolExists.c:
/* */
#include <pthread.h>

int main(int argc, char** argv)
{
  (void)argv;
#ifndef pthread_create
  return ((int*)(&pthread_create))[argc];
#else
  (void)argc;
  return 0;
#endif
}

Determining if the function pthread_create exists in the pthreads failed with the following output:
Change Dir: /home/jsikora/src/anro18l-winnicki-sikora/catkin_ws/build/CMakeFiles/CMakeTmp

Run Build Command:"/usr/bin/make" "cmTC_e9ea0/fast"
/usr/bin/make -f CMakeFiles/cmTC_e9ea0.dir/build.make CMakeFiles/cmTC_e9ea0.dir/build
make[1]: Wejście do katalogu '/home/jsikora/src/anro18l-winnicki-sikora/catkin_ws/build/CMakeFiles/CMakeTmp'
Building C object CMakeFiles/cmTC_e9ea0.dir/CheckFunctionExists.c.o
/usr/bin/cc    -DCHECK_FUNCTION_EXISTS=pthread_create   -o CMakeFiles/cmTC_e9ea0.dir/CheckFunctionExists.c.o   -c /usr/share/cmake-3.5/Modules/CheckFunctionExists.c
Linking C executable cmTC_e9ea0
/usr/bin/cmake -E cmake_link_script CMakeFiles/cmTC_e9ea0.dir/link.txt --verbose=1
/usr/bin/cc   -DCHECK_FUNCTION_EXISTS=pthread_create    CMakeFiles/cmTC_e9ea0.dir/CheckFunctionExists.c.o  -o cmTC_e9ea0 -rdynamic -lpthreads 
/usr/bin/ld: cannot find -lpthreads
collect2: error: ld returned 1 exit status
CMakeFiles/cmTC_e9ea0.dir/build.make:97: polecenia dla obiektu 'cmTC_e9ea0' nie powiodły się
make[1]: *** [cmTC_e9ea0] Błąd 1
make[1]: Opuszczenie katalogu '/home/jsikora/src/anro18l-winnicki-sikora/catkin_ws/build/CMakeFiles/CMakeTmp'
Makefile:126: polecenia dla obiektu 'cmTC_e9ea0/fast' nie powiodły się
make: *** [cmTC_e9ea0/fast] Błąd 2


